{"name":"Booking destination","status":"broken","statusDetails":{"known":false,"muted":false,"flaky":false,"message":"invalid selector: Unable to locate an element with the xpath expression //a[@class = 'bui_breadcrumb__link_masked' and contains(text(), 'Apartments DM (Apartman), Mokra Gora (SRB) - ponude)] because of the following error:\nSyntaxError: Failed to execute 'evaluate' on 'Document': The string '//a[@class = 'bui_breadcrumb__link_masked' and contains(text(), 'Apartments DM (Apartman), Mokra Gora (SRB) - ponude)]' is not a valid XPath expression.\n  (Session info: chrome=96.0.4664.45)\nFor documentation on this error, please visit: https://www.seleniumhq.org/exceptions/invalid_selector_exception.html\nBuild info: version: '3.141.59', revision: 'e82be7d358', time: '2018-11-14T08:17:03'\nSystem info: host: 'EN510606', ip: '172.31.32.1', os.name: 'Windows 10', os.arch: 'amd64', os.version: '10.0', java.version: '1.8.0_202'\nDriver info: org.openqa.selenium.chrome.ChromeDriver\nCapabilities {acceptInsecureCerts: false, browserName: chrome, browserVersion: 96.0.4664.45, chrome: {chromedriverVersion: 95.0.4638.69 (6a1600ed572fe..., userDataDir: C:\\Users\\KRISTI~1.ZAG\\AppDa...}, goog:chromeOptions: {debuggerAddress: localhost:55199}, javascriptEnabled: true, networkConnectionEnabled: false, pageLoadStrategy: normal, platform: WINDOWS, platformName: WINDOWS, proxy: Proxy(), setWindowRect: true, strictFileInteractability: false, timeouts: {implicit: 0, pageLoad: 300000, script: 30000}, unhandledPromptBehavior: dismiss and notify, webauthn:extension:credBlob: true, webauthn:extension:largeBlob: true, webauthn:virtualAuthenticators: true}\nSession ID: 8a981a8c0012d1a8fe642b4911a077d9\n*** Element info: {Using=xpath, value=//a[@class = 'bui_breadcrumb__link_masked' and contains(text(), 'Apartments DM (Apartman), Mokra Gora (SRB) - ponude)]}","trace":"org.openqa.selenium.InvalidSelectorException: invalid selector: Unable to locate an element with the xpath expression //a[@class = 'bui_breadcrumb__link_masked' and contains(text(), 'Apartments DM (Apartman), Mokra Gora (SRB) - ponude)] because of the following error:\nSyntaxError: Failed to execute 'evaluate' on 'Document': The string '//a[@class = 'bui_breadcrumb__link_masked' and contains(text(), 'Apartments DM (Apartman), Mokra Gora (SRB) - ponude)]' is not a valid XPath expression.\n  (Session info: chrome=96.0.4664.45)\nFor documentation on this error, please visit: https://www.seleniumhq.org/exceptions/invalid_selector_exception.html\nBuild info: version: '3.141.59', revision: 'e82be7d358', time: '2018-11-14T08:17:03'\nSystem info: host: 'EN510606', ip: '172.31.32.1', os.name: 'Windows 10', os.arch: 'amd64', os.version: '10.0', java.version: '1.8.0_202'\nDriver info: org.openqa.selenium.chrome.ChromeDriver\nCapabilities {acceptInsecureCerts: false, browserName: chrome, browserVersion: 96.0.4664.45, chrome: {chromedriverVersion: 95.0.4638.69 (6a1600ed572fe..., userDataDir: C:\\Users\\KRISTI~1.ZAG\\AppDa...}, goog:chromeOptions: {debuggerAddress: localhost:55199}, javascriptEnabled: true, networkConnectionEnabled: false, pageLoadStrategy: normal, platform: WINDOWS, platformName: WINDOWS, proxy: Proxy(), setWindowRect: true, strictFileInteractability: false, timeouts: {implicit: 0, pageLoad: 300000, script: 30000}, unhandledPromptBehavior: dismiss and notify, webauthn:extension:credBlob: true, webauthn:extension:largeBlob: true, webauthn:virtualAuthenticators: true}\nSession ID: 8a981a8c0012d1a8fe642b4911a077d9\n*** Element info: {Using=xpath, value=//a[@class = 'bui_breadcrumb__link_masked' and contains(text(), 'Apartments DM (Apartman), Mokra Gora (SRB) - ponude)]}\r\n\tat sun.reflect.NativeConstructorAccessorImpl.newInstance0(Native Method)\r\n\tat sun.reflect.NativeConstructorAccessorImpl.newInstance(NativeConstructorAccessorImpl.java:62)\r\n\tat sun.reflect.DelegatingConstructorAccessorImpl.newInstance(DelegatingConstructorAccessorImpl.java:45)\r\n\tat java.lang.reflect.Constructor.newInstance(Constructor.java:423)\r\n\tat org.openqa.selenium.remote.http.W3CHttpResponseCodec.createException(W3CHttpResponseCodec.java:187)\r\n\tat org.openqa.selenium.remote.http.W3CHttpResponseCodec.decode(W3CHttpResponseCodec.java:122)\r\n\tat org.openqa.selenium.remote.http.W3CHttpResponseCodec.decode(W3CHttpResponseCodec.java:49)\r\n\tat org.openqa.selenium.remote.HttpCommandExecutor.execute(HttpCommandExecutor.java:158)\r\n\tat org.openqa.selenium.remote.service.DriverCommandExecutor.execute(DriverCommandExecutor.java:83)\r\n\tat org.openqa.selenium.remote.RemoteWebDriver.execute(RemoteWebDriver.java:552)\r\n\tat org.openqa.selenium.remote.RemoteWebDriver.findElement(RemoteWebDriver.java:323)\r\n\tat org.openqa.selenium.remote.RemoteWebDriver.findElementByXPath(RemoteWebDriver.java:428)\r\n\tat org.openqa.selenium.By$ByXPath.findElement(By.java:353)\r\n\tat org.openqa.selenium.remote.RemoteWebDriver.findElement(RemoteWebDriver.java:315)\r\n\tat pages.ApartmentPage.getWidowData(ApartmentPage.java:32)\r\n\tat steps.TestingSteps.iCheckedDataInNewTab(TestingSteps.java:92)\r\n\tat ✽.I checked header in new tab Apartments DM (Apartman), Mokra Gora (SRB) - ponude(file:///C:/Development/QAItive_FinalAssignment/src/test/java/features/Booking.feature:14)\r\n"},"stage":"finished","steps":[{"name":"Given  I am on Booking home page","status":"passed","statusDetails":{"known":false,"muted":false,"flaky":false},"stage":"finished","steps":[],"attachments":[],"parameters":[],"start":1639662451950,"stop":1639662455156},{"name":"And  I choose language sr","status":"passed","statusDetails":{"known":false,"muted":false,"flaky":false},"stage":"finished","steps":[],"attachments":[],"parameters":[],"start":1639662455158,"stop":1639662481906},{"name":"And  I add destination Tara","status":"passed","statusDetails":{"known":false,"muted":false,"flaky":false},"stage":"finished","steps":[],"attachments":[],"parameters":[],"start":1639662481907,"stop":1639662482701},{"name":"And  I add start 31 januar 2022 and end date 2 februar 2022","status":"passed","statusDetails":{"known":false,"muted":false,"flaky":false},"stage":"finished","steps":[],"attachments":[],"parameters":[],"start":1639662482702,"stop":1639662514776},{"name":"And  I add guests with child age 5 godina","status":"passed","statusDetails":{"known":false,"muted":false,"flaky":false},"stage":"finished","steps":[],"attachments":[],"parameters":[],"start":1639662514777,"stop":1639662516480},{"name":"And  I click on search button","status":"passed","statusDetails":{"known":false,"muted":false,"flaky":false},"stage":"finished","steps":[],"attachments":[],"parameters":[],"start":1639662516481,"stop":1639662531105},{"name":"And  I verify that for atribute placeholder location Tara","status":"passed","statusDetails":{"known":false,"muted":false,"flaky":false},"stage":"finished","steps":[],"attachments":[],"parameters":[],"start":1639662531106,"stop":1639662531608},{"name":"And  I verify dates from ponedeljak, 31. januar 2022. to sreda, 2. februar 2022.","status":"passed","statusDetails":{"known":false,"muted":false,"flaky":false},"stage":"finished","steps":[],"attachments":[],"parameters":[],"start":1639662531609,"stop":1639662532844},{"name":"And  I verify adultCount 2 odrasla, childrenCount 1 dete, roomCount 2 jedinice","status":"passed","statusDetails":{"known":false,"muted":false,"flaky":false},"stage":"finished","steps":[],"attachments":[],"parameters":[],"start":1639662532845,"stop":1639662533538},{"name":"And  I choose apartment apartments-dm","status":"passed","statusDetails":{"known":false,"muted":false,"flaky":false},"stage":"finished","steps":[],"attachments":[],"parameters":[],"start":1639662533538,"stop":1639662534086},{"name":"And  I checked header in new tab Apartments DM (Apartman), Mokra Gora (SRB) - ponude","status":"broken","statusDetails":{"known":false,"muted":false,"flaky":false,"message":"invalid selector: Unable to locate an element with the xpath expression //a[@class = 'bui_breadcrumb__link_masked' and contains(text(), 'Apartments DM (Apartman), Mokra Gora (SRB) - ponude)] because of the following error:\nSyntaxError: Failed to execute 'evaluate' on 'Document': The string '//a[@class = 'bui_breadcrumb__link_masked' and contains(text(), 'Apartments DM (Apartman), Mokra Gora (SRB) - ponude)]' is not a valid XPath expression.\n  (Session info: chrome=96.0.4664.45)\nFor documentation on this error, please visit: https://www.seleniumhq.org/exceptions/invalid_selector_exception.html\nBuild info: version: '3.141.59', revision: 'e82be7d358', time: '2018-11-14T08:17:03'\nSystem info: host: 'EN510606', ip: '172.31.32.1', os.name: 'Windows 10', os.arch: 'amd64', os.version: '10.0', java.version: '1.8.0_202'\nDriver info: org.openqa.selenium.chrome.ChromeDriver\nCapabilities {acceptInsecureCerts: false, browserName: chrome, browserVersion: 96.0.4664.45, chrome: {chromedriverVersion: 95.0.4638.69 (6a1600ed572fe..., userDataDir: C:\\Users\\KRISTI~1.ZAG\\AppDa...}, goog:chromeOptions: {debuggerAddress: localhost:55199}, javascriptEnabled: true, networkConnectionEnabled: false, pageLoadStrategy: normal, platform: WINDOWS, platformName: WINDOWS, proxy: Proxy(), setWindowRect: true, strictFileInteractability: false, timeouts: {implicit: 0, pageLoad: 300000, script: 30000}, unhandledPromptBehavior: dismiss and notify, webauthn:extension:credBlob: true, webauthn:extension:largeBlob: true, webauthn:virtualAuthenticators: true}\nSession ID: 8a981a8c0012d1a8fe642b4911a077d9\n*** Element info: {Using=xpath, value=//a[@class = 'bui_breadcrumb__link_masked' and contains(text(), 'Apartments DM (Apartman), Mokra Gora (SRB) - ponude)]}","trace":"org.openqa.selenium.InvalidSelectorException: invalid selector: Unable to locate an element with the xpath expression //a[@class = 'bui_breadcrumb__link_masked' and contains(text(), 'Apartments DM (Apartman), Mokra Gora (SRB) - ponude)] because of the following error:\nSyntaxError: Failed to execute 'evaluate' on 'Document': The string '//a[@class = 'bui_breadcrumb__link_masked' and contains(text(), 'Apartments DM (Apartman), Mokra Gora (SRB) - ponude)]' is not a valid XPath expression.\n  (Session info: chrome=96.0.4664.45)\nFor documentation on this error, please visit: https://www.seleniumhq.org/exceptions/invalid_selector_exception.html\nBuild info: version: '3.141.59', revision: 'e82be7d358', time: '2018-11-14T08:17:03'\nSystem info: host: 'EN510606', ip: '172.31.32.1', os.name: 'Windows 10', os.arch: 'amd64', os.version: '10.0', java.version: '1.8.0_202'\nDriver info: org.openqa.selenium.chrome.ChromeDriver\nCapabilities {acceptInsecureCerts: false, browserName: chrome, browserVersion: 96.0.4664.45, chrome: {chromedriverVersion: 95.0.4638.69 (6a1600ed572fe..., userDataDir: C:\\Users\\KRISTI~1.ZAG\\AppDa...}, goog:chromeOptions: {debuggerAddress: localhost:55199}, javascriptEnabled: true, networkConnectionEnabled: false, pageLoadStrategy: normal, platform: WINDOWS, platformName: WINDOWS, proxy: Proxy(), setWindowRect: true, strictFileInteractability: false, timeouts: {implicit: 0, pageLoad: 300000, script: 30000}, unhandledPromptBehavior: dismiss and notify, webauthn:extension:credBlob: true, webauthn:extension:largeBlob: true, webauthn:virtualAuthenticators: true}\nSession ID: 8a981a8c0012d1a8fe642b4911a077d9\n*** Element info: {Using=xpath, value=//a[@class = 'bui_breadcrumb__link_masked' and contains(text(), 'Apartments DM (Apartman), Mokra Gora (SRB) - ponude)]}\r\n\tat sun.reflect.NativeConstructorAccessorImpl.newInstance0(Native Method)\r\n\tat sun.reflect.NativeConstructorAccessorImpl.newInstance(NativeConstructorAccessorImpl.java:62)\r\n\tat sun.reflect.DelegatingConstructorAccessorImpl.newInstance(DelegatingConstructorAccessorImpl.java:45)\r\n\tat java.lang.reflect.Constructor.newInstance(Constructor.java:423)\r\n\tat org.openqa.selenium.remote.http.W3CHttpResponseCodec.createException(W3CHttpResponseCodec.java:187)\r\n\tat org.openqa.selenium.remote.http.W3CHttpResponseCodec.decode(W3CHttpResponseCodec.java:122)\r\n\tat org.openqa.selenium.remote.http.W3CHttpResponseCodec.decode(W3CHttpResponseCodec.java:49)\r\n\tat org.openqa.selenium.remote.HttpCommandExecutor.execute(HttpCommandExecutor.java:158)\r\n\tat org.openqa.selenium.remote.service.DriverCommandExecutor.execute(DriverCommandExecutor.java:83)\r\n\tat org.openqa.selenium.remote.RemoteWebDriver.execute(RemoteWebDriver.java:552)\r\n\tat org.openqa.selenium.remote.RemoteWebDriver.findElement(RemoteWebDriver.java:323)\r\n\tat org.openqa.selenium.remote.RemoteWebDriver.findElementByXPath(RemoteWebDriver.java:428)\r\n\tat org.openqa.selenium.By$ByXPath.findElement(By.java:353)\r\n\tat org.openqa.selenium.remote.RemoteWebDriver.findElement(RemoteWebDriver.java:315)\r\n\tat pages.ApartmentPage.getWidowData(ApartmentPage.java:32)\r\n\tat steps.TestingSteps.iCheckedDataInNewTab(TestingSteps.java:92)\r\n\tat ✽.I checked header in new tab Apartments DM (Apartman), Mokra Gora (SRB) - ponude(file:///C:/Development/QAItive_FinalAssignment/src/test/java/features/Booking.feature:14)\r\n"},"stage":"finished","steps":[],"attachments":[],"parameters":[],"start":1639662534087,"stop":1639662540440}],"attachments":[],"parameters":[],"start":1639662445889,"stop":1639662541989,"uuid":"ff86eeb7-35bc-4c5a-bda2-18a299ab1fd1","historyId":"8feb78e10f029b5fc59a7763a30e290b","fullName":"Booking reservation: Booking destination","labels":[{"name":"host","value":"EN510606"},{"name":"thread","value":"34528@EN510606.PoolService-0(13)"},{"name":"feature","value":"Booking reservation"},{"name":"story","value":"Booking destination"},{"name":"suite","value":"Booking reservation"},{"name":"testClass","value":"Booking destination"},{"name":"framework","value":"cucumber4jvm"},{"name":"language","value":"java"},{"name":"gherkin_uri","value":"file:///C:/Development/QAItive_FinalAssignment/src/test/java/features/Booking.feature"},{"name":"package","value":"src.test.java.features.Booking_feature.Booking reservation"}],"links":[]}